<?xml version="1.0" encoding="UTF-8"?>
<testng-results ignored="0" total="1" passed="1" failed="0" skipped="0">
  <reporter-output>
  </reporter-output>
  <suite started-at="2021-04-02T20:47:14 IST" name="Surefire suite" finished-at="2021-04-02T20:47:14 IST" duration-ms="107">
    <groups>
    </groups>
    <test started-at="2021-04-02T20:47:14 IST" name="Surefire test" finished-at="2021-04-02T20:47:14 IST" duration-ms="107">
      <class name="QAClickAcademy.MavenJava.AppTest">
        <test-method signature="testApp()" started-at="2021-04-02T20:47:14 IST" name="testApp" finished-at="2021-04-02T20:47:14 IST" duration-ms="59" status="PASS">
          <reporter-output>
          </reporter-output>
        </test-method> <!-- testApp -->
      </class> <!-- QAClickAcademy.MavenJava.AppTest -->
    </test> <!-- Surefire test -->
  </suite> <!-- Surefire suite -->
</testng-results>
