<?xml version="1.0" encoding="UTF-8"?>
<testng-results ignored="0" total="1" passed="1" failed="0" skipped="0">
  <reporter-output>
  </reporter-output>
  <suite started-at="2021-04-02T20:47:13 IST" name="Surefire suite" finished-at="2021-04-02T20:47:14 IST" duration-ms="84">
    <groups>
    </groups>
    <test started-at="2021-04-02T20:47:13 IST" name="Surefire test" finished-at="2021-04-02T20:47:14 IST" duration-ms="84">
      <class name="QAClickAcademy.MavenJava.SeleniumTest">
        <test-method signature="fir()[pri:0, instance:QAClickAcademy.MavenJava.SeleniumTest@11c20519]" started-at="2021-04-02T20:47:14 IST" name="fir" finished-at="2021-04-02T20:47:14 IST" duration-ms="6" status="PASS">
          <reporter-output>
          </reporter-output>
        </test-method> <!-- fir -->
      </class> <!-- QAClickAcademy.MavenJava.SeleniumTest -->
    </test> <!-- Surefire test -->
  </suite> <!-- Surefire suite -->
</testng-results>
